<?xml version="1.0" encoding="UTF-8"?>
<!-- Generated by org.testng.reporters.JUnitXMLReporter -->
<testsuite ignored="0" hostname="mds-MacBook-Pro.fios-router.home" failures="0" tests="1" name="/Users/mdzaman/Downloads/Business/Bangladesh/students2023/sheba" time="7.33" errors="0" timestamp="2023-04-19T16:03:00 EDT">
  <testcase classname="com.gits.herokuapp.tests.InvalidPassword" name="invalidPassword" time="0.683"/>
</testsuite> <!-- /Users/mdzaman/Downloads/Business/Bangladesh/students2023/sheba -->
